<?xml version="1.0" encoding="UTF-8"?>
<!-- Generated by org.testng.reporters.JUnitXMLReporter -->
<testsuite ignored="9" hostname="josh-Latitude-3410" failures="0" tests="1" name="Default test" time="10.859" errors="0" timestamp="2023-07-11T15:39:26 IST">
  <testcase classname="com.demo.testcases.web.WebAppointmentCFDTest" name="verify_disabled_slot" time="5.103"/>
  <testcase classname="com.demo.testcases.web.WebAppointmentCFDTest" name="diagnosis_tab_delete_cfd" time="0.0">
    <ignored/>
  </testcase> <!-- diagnosis_tab_delete_cfd -->
  <testcase classname="com.demo.testcases.web.WebAppointmentCFDTest" name="diagnosis_tab_verify_added_cfd" time="0.0">
    <ignored/>
  </testcase> <!-- diagnosis_tab_verify_added_cfd -->
  <testcase classname="com.demo.testcases.web.WebAppointmentCFDTest" name="verify_20_popular_diagnosis" time="0.0">
    <ignored/>
  </testcase> <!-- verify_20_popular_diagnosis -->
  <testcase classname="com.demo.testcases.web.WebAppointmentCFDTest" name="appointment_for_existing_patient" time="0.0">
    <ignored/>
  </testcase> <!-- appointment_for_existing_patient -->
  <testcase classname="com.demo.testcases.web.WebAppointmentCFDTest" name="verify_booked_slot" time="0.0">
    <ignored/>
  </testcase> <!-- verify_booked_slot -->
  <testcase classname="com.demo.testcases.web.WebAppointmentCFDTest" name="add_popular_diagnosis" time="0.0">
    <ignored/>
  </testcase> <!-- add_popular_diagnosis -->
  <testcase classname="com.demo.testcases.web.WebAppointmentCFDTest" name="diagnosis_tab_add_cfd" time="0.0">
    <ignored/>
  </testcase> <!-- diagnosis_tab_add_cfd -->
  <testcase classname="com.demo.testcases.web.WebAppointmentCFDTest" name="open_created_appointment" time="0.0">
    <ignored/>
  </testcase> <!-- open_created_appointment -->
  <testcase classname="com.demo.testcases.web.WebAppointmentCFDTest" name="delete_added_popular_diagnosis" time="0.0">
    <ignored/>
  </testcase> <!-- delete_added_popular_diagnosis -->
</testsuite> <!-- Default test -->
