<?xml version="1.0" encoding="UTF-8"?>
<!-- Generated by org.testng.reporters.JUnitXMLReporter -->
<testsuite ignored="2" hostname="josh-Latitude-3410" failures="0" tests="1" name="Test Groups" time="0.069" errors="0" timestamp="2023-08-31T12:46:39 IST">
  <testcase classname="com.demo.testcases.web.WebLoginTest" name="login" time="0.011">
    <skipped/>
  </testcase> <!-- login -->
  <testcase classname="com.demo.testcases.web.WebLoginTest" name="Logout" time="0.0">
    <ignored/>
  </testcase> <!-- Logout -->
  <testcase classname="com.demo.testcases.web.WebLoginTest" name="validate_error_message" time="0.0">
    <ignored/>
  </testcase> <!-- validate_error_message -->
</testsuite> <!-- Test Groups -->
