<?xml version="1.0" encoding="UTF-8"?>
<!-- Generated by org.testng.reporters.JUnitXMLReporter -->
<testsuite ignored="1" hostname="josh-Latitude-3410" failures="0" tests="2" name="Test Classes" time="0.037" errors="0" timestamp="2023-08-31T12:46:39 IST">
  <testcase classname="com.demo.testcases.web.WebHomePageTest" name="select_evening_slot" time="0.003">
    <skipped/>
  </testcase> <!-- select_evening_slot -->
  <testcase classname="com.demo.testcases.web.WebHomePageTest" name="appointment" time="0.003">
    <skipped/>
  </testcase> <!-- appointment -->
  <testcase classname="com.demo.testcases.web.WebHomePageTest" name="verify_disabled_slot" time="0.0">
    <ignored/>
  </testcase> <!-- verify_disabled_slot -->
</testsuite> <!-- Test Classes -->
