<?xml version="1.0" encoding="UTF-8"?>
<!-- Generated by org.testng.reporters.JUnitXMLReporter -->
<testsuite ignored="15" hostname="josh-Latitude-3410" failures="3" tests="23" name="Test" time="354.274" errors="0" timestamp="2023-08-22T15:18:47 IST">
  <testcase classname="com.demo.testcases.web.WebLoginTest" name="login" time="8.623"/>
  <testcase classname="com.demo.testcases.web.WebAppointmentHomePageTest" name="select_evening_slot" time="9.276"/>
  <testcase classname="com.demo.testcases.web.WebAppointmentHomePageTest" name="appointment" time="22.61"/>
  <testcase classname="com.demo.testcases.web.WebAppointmentHomePageTest" name="verify_booked_slot" time="35.389"/>
  <testcase classname="com.demo.testcases.web.WebAppointmentCDFPageTest" name="appointment" time="20.099"/>
  <testcase classname="com.demo.testcases.web.WebAppointmentCDFPageTest" name="verify_20_popular_diagnosis" time="1.607"/>
  <testcase classname="com.demo.testcases.web.WebAppointmentCDFPageTest" name="add_cfd" time="15.05"/>
  <testcase classname="com.demo.testcases.web.WebAppointmentPrescriptionPageTest" name="prescription_tab" time="12.349">
    <failure type="org.openqa.selenium.StaleElementReferenceException" message="stale element reference: element is not attached to the page document
  (Session info: chrome=111.0.5563.64)
For documentation on this error, please visit: https://www.selenium.dev/documentation/webdriver/troubleshooting/errors#stale-element-reference-exception
Build info: version: &amp;apos;4.11.0&amp;apos;, revision: &amp;apos;040bc5406b&amp;apos;
System info: os.name: &amp;apos;Linux&amp;apos;, os.arch: &amp;apos;amd64&amp;apos;, os.version: &amp;apos;5.14.0-1059-oem&amp;apos;, java.version: &amp;apos;17.0.5&amp;apos;
Driver info: org.openqa.selenium.chrome.ChromeDriver
Command: [50cff256fe5e6360187ad43ecf511e87, getElementText {id=2d724fd9-545a-427b-a30e-49bb717029c0}]
Capabilities {acceptInsecureCerts: false, browserName: chrome, browserVersion: 111.0.5563.64, chrome: {chromedriverVersion: 111.0.5563.64 (c710e93d5b63..., userDataDir: /tmp/.com.google.Chrome.lJBRdo}, goog:chromeOptions: {debuggerAddress: localhost:32821}, networkConnectionEnabled: false, pageLoadStrategy: normal, platformName: linux, proxy: Proxy(), se:cdp: ws://localhost:32821/devtoo..., se:cdpVersion: 111.0.5563.64, setWindowRect: true, strictFileInteractability: false, timeouts: {implicit: 0, pageLoad: 300000, script: 30000}, unhandledPromptBehavior: dismiss and notify, webauthn:extension:credBlob: true, webauthn:extension:largeBlob: true, webauthn:extension:minPinLength: true, webauthn:extension:prf: true, webauthn:virtualAuthenticators: true}
Element: [[ChromeDriver: chrome on linux (50cff256fe5e6360187ad43ecf511e87)] -&amp;gt; css selector: .nav.nav-tabs&amp;gt;li]
Session ID: 50cff256fe5e6360187ad43ecf511e87">
      <![CDATA[org.openqa.selenium.StaleElementReferenceException: stale element reference: element is not attached to the page document
  (Session info: chrome=111.0.5563.64)
For documentation on this error, please visit: https://www.selenium.dev/documentation/webdriver/troubleshooting/errors#stale-element-reference-exception
Build info: version: '4.11.0', revision: '040bc5406b'
System info: os.name: 'Linux', os.arch: 'amd64', os.version: '5.14.0-1059-oem', java.version: '17.0.5'
Driver info: org.openqa.selenium.chrome.ChromeDriver
Command: [50cff256fe5e6360187ad43ecf511e87, getElementText {id=2d724fd9-545a-427b-a30e-49bb717029c0}]
Capabilities {acceptInsecureCerts: false, browserName: chrome, browserVersion: 111.0.5563.64, chrome: {chromedriverVersion: 111.0.5563.64 (c710e93d5b63..., userDataDir: /tmp/.com.google.Chrome.lJBRdo}, goog:chromeOptions: {debuggerAddress: localhost:32821}, networkConnectionEnabled: false, pageLoadStrategy: normal, platformName: linux, proxy: Proxy(), se:cdp: ws://localhost:32821/devtoo..., se:cdpVersion: 111.0.5563.64, setWindowRect: true, strictFileInteractability: false, timeouts: {implicit: 0, pageLoad: 300000, script: 30000}, unhandledPromptBehavior: dismiss and notify, webauthn:extension:credBlob: true, webauthn:extension:largeBlob: true, webauthn:extension:minPinLength: true, webauthn:extension:prf: true, webauthn:virtualAuthenticators: true}
Element: [[ChromeDriver: chrome on linux (50cff256fe5e6360187ad43ecf511e87)] -> css selector: .nav.nav-tabs>li]
Session ID: 50cff256fe5e6360187ad43ecf511e87
at org.openqa.selenium.remote.codec.w3c.W3CHttpResponseCodec.createException(W3CHttpResponseCodec.java:200)
at org.openqa.selenium.remote.codec.w3c.W3CHttpResponseCodec.decode(W3CHttpResponseCodec.java:133)
at org.openqa.selenium.remote.codec.w3c.W3CHttpResponseCodec.decode(W3CHttpResponseCodec.java:52)
at org.openqa.selenium.remote.HttpCommandExecutor.execute(HttpCommandExecutor.java:191)
at org.openqa.selenium.remote.service.DriverCommandExecutor.invokeExecute(DriverCommandExecutor.java:196)
at org.openqa.selenium.remote.service.DriverCommandExecutor.execute(DriverCommandExecutor.java:171)
at org.openqa.selenium.remote.RemoteWebDriver.execute(RemoteWebDriver.java:518)
at org.openqa.selenium.remote.RemoteWebElement.execute(RemoteWebElement.java:224)
at org.openqa.selenium.remote.RemoteWebElement.getText(RemoteWebElement.java:192)
at com.demo.actions.web.CFDPage.open_prescription_tab(CFDPage.java:228)
at com.demo.testcases.web.WebAppointmentPrescriptionPageTest.prescription_tab(WebAppointmentPrescriptionPageTest.java:21)
at java.base/java.util.ArrayList.forEach(ArrayList.java:1511)
... Removed 32 stack frames]]>
    </failure>
  </testcase> <!-- prescription_tab -->
  <testcase classname="com.demo.testcases.web.WebAppointmentPrescriptionPageTest" name="verify_20_popular_drugs" time="1.429"/>
  <testcase classname="com.demo.testcases.web.WebAppointmentPrescriptionPageTest" name="add_drugs" time="64.631"/>
  <testcase classname="com.demo.testcases.web.WebAppointmentPrescriptionPageTest" name="add_new_drug" time="51.933">
    <failure type="org.openqa.selenium.NoSuchElementException" message="no such element: Unable to locate element: {&amp;quot;method&amp;quot;:&amp;quot;xpath&amp;quot;,&amp;quot;selector&amp;quot;:&amp;quot;//div[@class=&amp;apos;md-toast-content&amp;apos;]/span&amp;quot;}
  (Session info: chrome=111.0.5563.64)
For documentation on this error, please visit: https://www.selenium.dev/documentation/webdriver/troubleshooting/errors#no-such-element-exception
Build info: version: &amp;apos;4.11.0&amp;apos;, revision: &amp;apos;040bc5406b&amp;apos;
System info: os.name: &amp;apos;Linux&amp;apos;, os.arch: &amp;apos;amd64&amp;apos;, os.version: &amp;apos;5.14.0-1059-oem&amp;apos;, java.version: &amp;apos;17.0.5&amp;apos;
Driver info: org.openqa.selenium.chrome.ChromeDriver
Command: [50cff256fe5e6360187ad43ecf511e87, findElement {using=xpath, value=//div[@class=&amp;apos;md-toast-content&amp;apos;]/span}]
Capabilities {acceptInsecureCerts: false, browserName: chrome, browserVersion: 111.0.5563.64, chrome: {chromedriverVersion: 111.0.5563.64 (c710e93d5b63..., userDataDir: /tmp/.com.google.Chrome.lJBRdo}, goog:chromeOptions: {debuggerAddress: localhost:32821}, networkConnectionEnabled: false, pageLoadStrategy: normal, platformName: linux, proxy: Proxy(), se:cdp: ws://localhost:32821/devtoo..., se:cdpVersion: 111.0.5563.64, setWindowRect: true, strictFileInteractability: false, timeouts: {implicit: 0, pageLoad: 300000, script: 30000}, unhandledPromptBehavior: dismiss and notify, webauthn:extension:credBlob: true, webauthn:extension:largeBlob: true, webauthn:extension:minPinLength: true, webauthn:extension:prf: true, webauthn:virtualAuthenticators: true}
Session ID: 50cff256fe5e6360187ad43ecf511e87">
      <![CDATA[org.openqa.selenium.NoSuchElementException: no such element: Unable to locate element: {"method":"xpath","selector":"//div[@class='md-toast-content']/span"}
  (Session info: chrome=111.0.5563.64)
For documentation on this error, please visit: https://www.selenium.dev/documentation/webdriver/troubleshooting/errors#no-such-element-exception
Build info: version: '4.11.0', revision: '040bc5406b'
System info: os.name: 'Linux', os.arch: 'amd64', os.version: '5.14.0-1059-oem', java.version: '17.0.5'
Driver info: org.openqa.selenium.chrome.ChromeDriver
Command: [50cff256fe5e6360187ad43ecf511e87, findElement {using=xpath, value=//div[@class='md-toast-content']/span}]
Capabilities {acceptInsecureCerts: false, browserName: chrome, browserVersion: 111.0.5563.64, chrome: {chromedriverVersion: 111.0.5563.64 (c710e93d5b63..., userDataDir: /tmp/.com.google.Chrome.lJBRdo}, goog:chromeOptions: {debuggerAddress: localhost:32821}, networkConnectionEnabled: false, pageLoadStrategy: normal, platformName: linux, proxy: Proxy(), se:cdp: ws://localhost:32821/devtoo..., se:cdpVersion: 111.0.5563.64, setWindowRect: true, strictFileInteractability: false, timeouts: {implicit: 0, pageLoad: 300000, script: 30000}, unhandledPromptBehavior: dismiss and notify, webauthn:extension:credBlob: true, webauthn:extension:largeBlob: true, webauthn:extension:minPinLength: true, webauthn:extension:prf: true, webauthn:virtualAuthenticators: true}
Session ID: 50cff256fe5e6360187ad43ecf511e87
at org.openqa.selenium.remote.codec.w3c.W3CHttpResponseCodec.createException(W3CHttpResponseCodec.java:200)
at org.openqa.selenium.remote.codec.w3c.W3CHttpResponseCodec.decode(W3CHttpResponseCodec.java:133)
at org.openqa.selenium.remote.codec.w3c.W3CHttpResponseCodec.decode(W3CHttpResponseCodec.java:52)
at org.openqa.selenium.remote.HttpCommandExecutor.execute(HttpCommandExecutor.java:191)
at org.openqa.selenium.remote.service.DriverCommandExecutor.invokeExecute(DriverCommandExecutor.java:196)
at org.openqa.selenium.remote.service.DriverCommandExecutor.execute(DriverCommandExecutor.java:171)
at org.openqa.selenium.remote.RemoteWebDriver.execute(RemoteWebDriver.java:518)
at org.openqa.selenium.remote.ElementLocation$ElementFinder$2.findElement(ElementLocation.java:165)
at org.openqa.selenium.remote.ElementLocation.findElement(ElementLocation.java:59)
at org.openqa.selenium.remote.RemoteWebDriver.findElement(RemoteWebDriver.java:355)
at org.openqa.selenium.remote.RemoteWebDriver.findElement(RemoteWebDriver.java:349)
at org.openqa.selenium.support.pagefactory.DefaultElementLocator.findElement(DefaultElementLocator.java:68)
at org.openqa.selenium.support.pagefactory.internal.LocatingElementHandler.invoke(LocatingElementHandler.java:38)
at jdk.proxy2/jdk.proxy2.$Proxy18.getText(Unknown Source)
at com.demo.actions.web.Prescription.verify_same_drug_cannot_be_added_twice(Prescription.java:406)
at com.demo.testcases.web.WebAppointmentPrescriptionPageTest.add_new_drug(WebAppointmentPrescriptionPageTest.java:55)
at java.base/java.util.ArrayList.forEach(ArrayList.java:1511)
... Removed 32 stack frames]]>
    </failure>
  </testcase> <!-- add_new_drug -->
  <testcase classname="com.demo.testcases.web.WebAppointmentPrescriptionPageTest" name="verify_delete_icon_for_added_drugs" time="0.094"/>
  <testcase classname="com.demo.testcases.web.WebAppointmentPrescriptionPageTest" name="delete_all_added_drugs" time="0.178"/>
  <testcase classname="com.demo.testcases.web.WebAppointmentInstructionsPageTest" name="instructions_tab" time="5.303"/>
  <testcase classname="com.demo.testcases.web.WebAppointmentInstructionsPageTest" name="test_instruction_procedure" time="12.717">
    <failure type="org.openqa.selenium.ElementClickInterceptedException" message="element click intercepted: Element &amp;lt;i ng-class=&amp;quot;vm.new_test.name ? &amp;apos;forestgreen&amp;apos; : &amp;apos;light-grey&amp;apos;&amp;quot; class=&amp;quot;icon-check-circle light-grey&amp;quot; style=&amp;quot;&amp;quot;&amp;gt;&amp;lt;/i&amp;gt; is not clickable at point (1052, 8). Other element would receive the click: &amp;lt;md-toast md-theme=&amp;quot;toast-success&amp;quot; ng-class=&amp;quot;{&amp;apos;md-capsule&amp;apos;: toast.capsule}&amp;quot; class=&amp;quot;ng-scope md-toast-success-theme md-top md-right&amp;quot; style=&amp;quot;&amp;quot;&amp;gt;...&amp;lt;/md-toast&amp;gt;
  (Session info: chrome=111.0.5563.64)
Build info: version: &amp;apos;4.11.0&amp;apos;, revision: &amp;apos;040bc5406b&amp;apos;
System info: os.name: &amp;apos;Linux&amp;apos;, os.arch: &amp;apos;amd64&amp;apos;, os.version: &amp;apos;5.14.0-1059-oem&amp;apos;, java.version: &amp;apos;17.0.5&amp;apos;
Driver info: org.openqa.selenium.chrome.ChromeDriver
Command: [50cff256fe5e6360187ad43ecf511e87, clickElement {id=5e6dd7f3-3864-4c01-921d-09875f07bb31}]
Capabilities {acceptInsecureCerts: false, browserName: chrome, browserVersion: 111.0.5563.64, chrome: {chromedriverVersion: 111.0.5563.64 (c710e93d5b63..., userDataDir: /tmp/.com.google.Chrome.lJBRdo}, goog:chromeOptions: {debuggerAddress: localhost:32821}, networkConnectionEnabled: false, pageLoadStrategy: normal, platformName: linux, proxy: Proxy(), se:cdp: ws://localhost:32821/devtoo..., se:cdpVersion: 111.0.5563.64, setWindowRect: true, strictFileInteractability: false, timeouts: {implicit: 0, pageLoad: 300000, script: 30000}, unhandledPromptBehavior: dismiss and notify, webauthn:extension:credBlob: true, webauthn:extension:largeBlob: true, webauthn:extension:minPinLength: true, webauthn:extension:prf: true, webauthn:virtualAuthenticators: true}
Element: [[ChromeDriver: chrome on linux (50cff256fe5e6360187ad43ecf511e87)] -&amp;gt; xpath: //*[@class = &amp;apos;icon-check-circle forestgreen&amp;apos;]]
Session ID: 50cff256fe5e6360187ad43ecf511e87">
      <![CDATA[org.openqa.selenium.ElementClickInterceptedException: element click intercepted: Element <i ng-class="vm.new_test.name ? 'forestgreen' : 'light-grey'" class="icon-check-circle light-grey" style=""></i> is not clickable at point (1052, 8). Other element would receive the click: <md-toast md-theme="toast-success" ng-class="{'md-capsule': toast.capsule}" class="ng-scope md-toast-success-theme md-top md-right" style="">...</md-toast>
  (Session info: chrome=111.0.5563.64)
Build info: version: '4.11.0', revision: '040bc5406b'
System info: os.name: 'Linux', os.arch: 'amd64', os.version: '5.14.0-1059-oem', java.version: '17.0.5'
Driver info: org.openqa.selenium.chrome.ChromeDriver
Command: [50cff256fe5e6360187ad43ecf511e87, clickElement {id=5e6dd7f3-3864-4c01-921d-09875f07bb31}]
Capabilities {acceptInsecureCerts: false, browserName: chrome, browserVersion: 111.0.5563.64, chrome: {chromedriverVersion: 111.0.5563.64 (c710e93d5b63..., userDataDir: /tmp/.com.google.Chrome.lJBRdo}, goog:chromeOptions: {debuggerAddress: localhost:32821}, networkConnectionEnabled: false, pageLoadStrategy: normal, platformName: linux, proxy: Proxy(), se:cdp: ws://localhost:32821/devtoo..., se:cdpVersion: 111.0.5563.64, setWindowRect: true, strictFileInteractability: false, timeouts: {implicit: 0, pageLoad: 300000, script: 30000}, unhandledPromptBehavior: dismiss and notify, webauthn:extension:credBlob: true, webauthn:extension:largeBlob: true, webauthn:extension:minPinLength: true, webauthn:extension:prf: true, webauthn:virtualAuthenticators: true}
Element: [[ChromeDriver: chrome on linux (50cff256fe5e6360187ad43ecf511e87)] -> xpath: //*[@class = 'icon-check-circle forestgreen']]
Session ID: 50cff256fe5e6360187ad43ecf511e87
at org.openqa.selenium.remote.codec.w3c.W3CHttpResponseCodec.createException(W3CHttpResponseCodec.java:200)
at org.openqa.selenium.remote.codec.w3c.W3CHttpResponseCodec.decode(W3CHttpResponseCodec.java:133)
at org.openqa.selenium.remote.codec.w3c.W3CHttpResponseCodec.decode(W3CHttpResponseCodec.java:52)
at org.openqa.selenium.remote.HttpCommandExecutor.execute(HttpCommandExecutor.java:191)
at org.openqa.selenium.remote.service.DriverCommandExecutor.invokeExecute(DriverCommandExecutor.java:196)
at org.openqa.selenium.remote.service.DriverCommandExecutor.execute(DriverCommandExecutor.java:171)
at org.openqa.selenium.remote.RemoteWebDriver.execute(RemoteWebDriver.java:518)
at org.openqa.selenium.remote.RemoteWebElement.execute(RemoteWebElement.java:224)
at org.openqa.selenium.remote.RemoteWebElement.click(RemoteWebElement.java:77)
at org.openqa.selenium.support.pagefactory.internal.LocatingElementHandler.invoke(LocatingElementHandler.java:51)
at jdk.proxy2/jdk.proxy2.$Proxy18.click(Unknown Source)
at com.demo.utilities.WebUtilities.click(WebUtilities.java:31)
at com.demo.actions.web.Instructions.create_new_instruction(Instructions.java:180)
at com.demo.testcases.web.WebAppointmentInstructionsPageTest.test_instruction_procedure(WebAppointmentInstructionsPageTest.java:33)
at java.base/java.util.ArrayList.forEach(ArrayList.java:1511)
... Removed 36 stack frames]]>
    </failure>
  </testcase> <!-- test_instruction_procedure -->
  <testcase classname="com.demo.testcases.web.WebAppointmentSummaryPageTest" name="summary_tab" time="20.204"/>
  <testcase classname="com.demo.testcases.web.WebAppointmentSummaryPageTest" name="test_instruction_procedure" time="31.379"/>
  <testcase classname="com.demo.testcases.web.WebAppointmentSummaryPageTest" name="add_drugs" time="10.084"/>
  <testcase classname="com.demo.testcases.web.WebAppointmentSummaryPageTest" name="add_new_drug" time="0.205"/>
  <testcase classname="com.demo.testcases.web.WebAppointmentSummaryPageTest" name="drugs_frequency" time="0.112"/>
  <testcase classname="com.demo.testcases.web.WebAppointmentSummaryPageTest" name="add_cfd" time="0.167"/>
  <testcase classname="com.demo.testcases.web.WebAppointmentSummaryPageTest" name="saved_record" time="17.704"/>
  <testcase classname="com.demo.testcases.web.WebAppointmentSummaryPageTest" name="verify_record_is_printed" time="12.904"/>
  <testcase classname="com.demo.setup.BaseSelenium" name="@AfterSuite tearDown" time="0.0">
    <ignored/>
  </testcase> <!-- @AfterSuite tearDown -->
  <testcase classname="com.demo.setup.BaseSelenium" name="@BeforeSuite webSetup" time="0.0">
    <ignored/>
  </testcase> <!-- @BeforeSuite webSetup -->
  <testcase classname="com.demo.setup.BaseSelenium" name="@AfterSuite tearDown" time="0.0">
    <ignored/>
  </testcase> <!-- @AfterSuite tearDown -->
  <testcase classname="com.demo.testcases.web.WebLoginTest" name="validate_error_message" time="0.0">
    <ignored/>
  </testcase> <!-- validate_error_message -->
  <testcase classname="com.demo.testcases.web.WebAppointmentCDFPageTest" name="diagnosis_tab_delete_cfd" time="0.0">
    <ignored/>
  </testcase> <!-- diagnosis_tab_delete_cfd -->
  <testcase classname="com.demo.setup.BaseSelenium" name="@BeforeSuite webSetup" time="0.0">
    <ignored/>
  </testcase> <!-- @BeforeSuite webSetup -->
  <testcase classname="com.demo.setup.BaseSelenium" name="@AfterSuite tearDown" time="0.0">
    <ignored/>
  </testcase> <!-- @AfterSuite tearDown -->
  <testcase classname="com.demo.testcases.web.WebAppointmentCDFPageTest" name="delete_added_popular_diagnosis" time="0.0">
    <ignored/>
  </testcase> <!-- delete_added_popular_diagnosis -->
  <testcase classname="com.demo.setup.BaseSelenium" name="@BeforeSuite webSetup" time="0.0">
    <ignored/>
  </testcase> <!-- @BeforeSuite webSetup -->
  <testcase classname="com.demo.testcases.web.WebAppointmentHomePageTest" name="verify_disabled_slot" time="0.0">
    <ignored/>
  </testcase> <!-- verify_disabled_slot -->
  <testcase classname="com.demo.setup.BaseSelenium" name="@AfterSuite tearDown" time="0.0">
    <ignored/>
  </testcase> <!-- @AfterSuite tearDown -->
  <testcase classname="com.demo.testcases.web.WebLoginTest" name="Logout" time="0.0">
    <ignored/>
  </testcase> <!-- Logout -->
  <testcase classname="com.demo.setup.BaseSelenium" name="@BeforeSuite webSetup" time="0.0">
    <ignored/>
  </testcase> <!-- @BeforeSuite webSetup -->
  <testcase classname="com.demo.setup.BaseSelenium" name="@BeforeSuite webSetup" time="0.0">
    <ignored/>
  </testcase> <!-- @BeforeSuite webSetup -->
  <testcase classname="com.demo.setup.BaseSelenium" name="@AfterSuite tearDown" time="0.0">
    <ignored/>
  </testcase> <!-- @AfterSuite tearDown -->
</testsuite> <!-- Test -->
