<?xml version="1.0" encoding="UTF-8"?>
<!-- Generated by org.testng.reporters.JUnitXMLReporter -->
<testsuite ignored="13" hostname="josh-Latitude-3410" failures="0" tests="3" name="Test" time="27.723" errors="0" timestamp="2023-08-08T15:15:45 IST">
  <testcase classname="com.demo.testcases.web.WebLoginTest" name="login" time="7.261"/>
  <testcase classname="com.demo.testcases.web.WebAppointmentCFDTest" name="select_evening_slot" time="9.103"/>
  <testcase classname="com.demo.testcases.web.WebAppointmentCFDTest" name="open_created_appointment" time="11.315"/>
  <testcase classname="com.demo.testcases.web.WebLoginTest" name="Logout" time="0.0">
    <ignored/>
  </testcase> <!-- Logout -->
  <testcase classname="com.demo.testcases.web.WebAppointmentCFDTest" name="verify_disabled_slot" time="0.0">
    <ignored/>
  </testcase> <!-- verify_disabled_slot -->
  <testcase classname="com.demo.testcases.web.WebLoginTest" name="validate_error_message" time="0.0">
    <ignored/>
  </testcase> <!-- validate_error_message -->
  <testcase classname="com.demo.testcases.web.WebAppointmentCFDTest" name="add_popular_diagnosis" time="0.0">
    <ignored/>
  </testcase> <!-- add_popular_diagnosis -->
  <testcase classname="com.demo.testcases.web.WebAppointmentCFDTest" name="verify_20_popular_diagnosis" time="0.0">
    <ignored/>
  </testcase> <!-- verify_20_popular_diagnosis -->
  <testcase classname="com.demo.testcases.web.WebAppointmentCFDTest" name="verify_booked_slot" time="0.0">
    <ignored/>
  </testcase> <!-- verify_booked_slot -->
  <testcase classname="com.demo.testcases.web.WebAppointmentCFDTest" name="delete_added_popular_diagnosis" time="0.0">
    <ignored/>
  </testcase> <!-- delete_added_popular_diagnosis -->
  <testcase classname="com.demo.setup.BaseSelenium" name="@AfterSuite tearDown" time="0.0">
    <ignored/>
  </testcase> <!-- @AfterSuite tearDown -->
  <testcase classname="com.demo.testcases.web.WebAppointmentCFDTest" name="diagnosis_tab_delete_cfd" time="0.0">
    <ignored/>
  </testcase> <!-- diagnosis_tab_delete_cfd -->
  <testcase classname="com.demo.testcases.web.WebAppointmentCFDTest" name="diagnosis_tab_add_cfd" time="0.0">
    <ignored/>
  </testcase> <!-- diagnosis_tab_add_cfd -->
  <testcase classname="com.demo.testcases.web.WebAppointmentCFDTest" name="diagnosis_tab_verify_added_cfd" time="0.0">
    <ignored/>
  </testcase> <!-- diagnosis_tab_verify_added_cfd -->
  <testcase classname="com.demo.testcases.web.WebAppointmentCFDTest" name="appointment_for_existing_patient" time="0.0">
    <ignored/>
  </testcase> <!-- appointment_for_existing_patient -->
  <testcase classname="com.demo.setup.BaseSelenium" name="@BeforeSuite webSetup" time="0.0">
    <ignored/>
  </testcase> <!-- @BeforeSuite webSetup -->
</testsuite> <!-- Test -->
