<?xml version="1.0" encoding="UTF-8"?>
<testsuite xmlns:xsi="http://www.w3.org/2001/XMLSchema-instance" xsi:noNamespaceSchemaLocation="https://maven.apache.org/surefire/maven-surefire-plugin/xsd/surefire-test-report-3.0.xsd" version="3.0" name="TestSuite" time="327.753" tests="23" errors="0" skipped="0" failures="2">
  <properties>
[...]
</properties>
  <testcase name="login[{Username=josh_doctor, Password=josh123}](1)" classname="com.demo.testcases.web.WebLoginTest" time="7.578">
    <system-out><![CDATA[INFO  2023-08-25 11:04:34,261 [main] BaseSelenium - Browser name type = chrome
INFO  2023-08-25 11:04:36,827 [main] BaseSelenium - Chrome driver executed successfully
INFO  2023-08-25 11:04:41,628 [main] BaseSelenium - Url is opening successfully
$$$$$$$$$$$$$$$$$$$$$$$$Username: 
$$$$$$$$$$$$$$$$$$$$$$$$Username: 
INFO  2023-08-25 11:04:49,313 [main] WebLoginTest - Login test cases executed successfully
]]></system-out>
    <system-err><![CDATA[SLF4J: Failed to load class "org.slf4j.impl.StaticLoggerBinder".
SLF4J: Defaulting to no-operation (NOP) logger implementation
SLF4J: See http://www.slf4j.org/codes.html#StaticLoggerBinder for further details.
Aug 25, 2023 11:04:36 AM org.openqa.selenium.devtools.CdpVersionFinder findNearestMatch
WARNING: Unable to find CDP implementation matching 111
Aug 25, 2023 11:04:36 AM org.openqa.selenium.chromium.ChromiumDriver lambda$new$5
WARNING: Unable to find version of CDP to use for 111.0.5563.64. You may need to include a dependency on a specific version of the CDP using something similar to `org.seleniumhq.selenium:selenium-devtools-v86:4.11.0` where the version ("v86") matches the version of the chromium-based browser you're using and the version number of the artifact is the same as Selenium's.
]]></system-err>
  </testcase>
  <testcase name="tearDown" classname="com.demo.testcases.web.WebLoginTest" time="13.447">
    <failure message="The following asserts failed:&#10;	expected [null] but found [Female],&#10;	expected [true] but found [false],&#10;	expected [true] but found [false],&#10;	expected [true] but found [false],&#10;	expected [true] but found [false],&#10;	expected [true] but found [false],&#10;	expected [true] but found [false],&#10;	expected [true] but found [false],&#10;	expected [true] but found [false],&#10;	expected [true] but found [false],&#10;	expected [true] but found [false],&#10;	expected [true] but found [false],&#10;	expected [true] but found [false],&#10;	expected [true] but found [false],&#10;	expected [true] but found [false],&#10;	expected [true] but found [false],&#10;	expected [true] but found [false],&#10;	expected [true] but found [false],&#10;	expected [true] but found [false],&#10;	expected [true] but found [false],&#10;	expected [true] but found [false],&#10;	expected [true] but found [false],&#10;	expected [true] but found [false],&#10;	expected [true] but found [false],&#10;	expected [true] but found [false],&#10;	expected [true] but found [false],&#10;	expected [true] but found [false],&#10;	expected [true] but found [false],&#10;	expected [true] but found [false],&#10;	expected [true] but found [false],&#10;	expected [2 weeks] but found [7 days],&#10;	expected [7 days] but found [2 weeks],&#10;	expected [true] but found [false],&#10;	expected [true] but found [false],&#10;	expected [true] but found [false],&#10;	expected [true] but found [false],&#10;	expected [true] but found [false]" type="java.lang.AssertionError"><![CDATA[java.lang.AssertionError: 
The following asserts failed:
	expected [null] but found [Female],
	expected [true] but found [false],
	expected [true] but found [false],
	expected [true] but found [false],
	expected [true] but found [false],
	expected [true] but found [false],
	expected [true] but found [false],
	expected [true] but found [false],
	expected [true] but found [false],
	expected [true] but found [false],
	expected [true] but found [false],
	expected [true] but found [false],
	expected [true] but found [false],
	expected [true] but found [false],
	expected [true] but found [false],
	expected [true] but found [false],
	expected [true] but found [false],
	expected [true] but found [false],
	expected [true] but found [false],
	expected [true] but found [false],
	expected [true] but found [false],
	expected [true] but found [false],
	expected [true] but found [false],
	expected [true] but found [false],
	expected [true] but found [false],
	expected [true] but found [false],
	expected [true] but found [false],
	expected [true] but found [false],
	expected [true] but found [false],
	expected [true] but found [false],
	expected [2 weeks] but found [7 days],
	expected [7 days] but found [2 weeks],
	expected [true] but found [false],
	expected [true] but found [false],
	expected [true] but found [false],
	expected [true] but found [false],
	expected [true] but found [false]
	at org.testng.asserts.SoftAssert.assertAll(SoftAssert.java:46)
	at org.testng.asserts.SoftAssert.assertAll(SoftAssert.java:30)
	at com.demo.setup.BaseSelenium.tearDown(BaseSelenium.java:183)
	at java.base/jdk.internal.reflect.NativeMethodAccessorImpl.invoke0(Native Method)
	at java.base/jdk.internal.reflect.NativeMethodAccessorImpl.invoke(NativeMethodAccessorImpl.java:62)
	at java.base/jdk.internal.reflect.DelegatingMethodAccessorImpl.invoke(DelegatingMethodAccessorImpl.java:43)
	at java.base/java.lang.reflect.Method.invoke(Method.java:566)
	at org.testng.internal.invokers.MethodInvocationHelper.invokeMethod(MethodInvocationHelper.java:139)
	at org.testng.internal.invokers.MethodInvocationHelper.invokeMethodConsideringTimeout(MethodInvocationHelper.java:69)
	at org.testng.internal.invokers.ConfigInvoker.invokeConfigurationMethod(ConfigInvoker.java:361)
	at org.testng.internal.invokers.ConfigInvoker.invokeConfigurations(ConfigInvoker.java:296)
	at org.testng.SuiteRunner.privateRun(SuiteRunner.java:404)
	at org.testng.SuiteRunner.run(SuiteRunner.java:330)
	at org.testng.SuiteRunnerWorker.runSuite(SuiteRunnerWorker.java:52)
	at org.testng.SuiteRunnerWorker.run(SuiteRunnerWorker.java:95)
	at org.testng.TestNG.runSuitesSequentially(TestNG.java:1256)
	at org.testng.TestNG.runSuitesLocally(TestNG.java:1176)
	at org.testng.TestNG.runSuites(TestNG.java:1099)
	at org.testng.TestNG.run(TestNG.java:1067)
	at org.apache.maven.surefire.testng.TestNGExecutor.run(TestNGExecutor.java:324)
	at org.apache.maven.surefire.testng.TestNGXmlTestSuite.execute(TestNGXmlTestSuite.java:74)
	at org.apache.maven.surefire.testng.TestNGProvider.invoke(TestNGProvider.java:123)
	at org.apache.maven.surefire.booter.ForkedBooter.runSuitesInProcess(ForkedBooter.java:456)
	at org.apache.maven.surefire.booter.ForkedBooter.execute(ForkedBooter.java:169)
	at org.apache.maven.surefire.booter.ForkedBooter.run(ForkedBooter.java:595)
	at org.apache.maven.surefire.booter.ForkedBooter.main(ForkedBooter.java:581)
]]></failure>
  </testcase>
  <testcase name="select_evening_slot" classname="com.demo.testcases.web.WebHomePageTest" time="9.346"/>
  <testcase name="appointment[{Patient_Age=35.0, Patient_Mobile=9034500777, Patient_Gender=Female, Patient_Name=Jan Levinson}](1)" classname="com.demo.testcases.web.WebHomePageTest" time="57.311">
    <system-out><![CDATA[>>>>>panel panel-default panel-appointment flex-gt-md-auto flex-100
9034500777
INFO  2023-08-25 11:05:56,005 [main] WebLoginTest - Appointment Taken successfully
]]></system-out>
  </testcase>
  <testcase name="appointment[{Patient_Age=35.0, Patient_Mobile=9034500777, Patient_Gender=Female, Patient_Name=Jan Levinson}](1)" classname="com.demo.testcases.web.WebCFDPageTest" time="5.347">
    <system-out><![CDATA[???????????PATIENT NAMES:Jan Levinson
Female
35 years 0 months
9034500777
!!!!!!!!!!PATIENT NAME TXT FILE: Jan Levinson
]]></system-out>
  </testcase>
  <testcase name="verify_20_popular_diagnosis" classname="com.demo.testcases.web.WebCFDPageTest" time="2.304">
    <system-out><![CDATA[INFO  2023-08-25 11:06:03,663 [main] WebLoginTest - Number of popular diagnosis is: 20
]]></system-out>
  </testcase>
  <testcase name="add_cfd[{popular_diagnosis=DENGUE FEVER – 1, searched_complaint=COLICKY PAIN IN ABDOMEN, searched_finding=OTHER FINDINGS, searched_diagnosis=HYPERTHYROIDISM}](1)" classname="com.demo.testcases.web.WebCFDPageTest" time="13.175"/>
  <testcase name="prescription_tab" classname="com.demo.testcases.web.WebPrescriptionPageTest" time="12.658">
    <failure message="stale element reference: element is not attached to the page document&#10;  (Session info: chrome=111.0.5563.64)&#10;For documentation on this error, please visit: https://www.selenium.dev/documentation/webdriver/troubleshooting/errors#stale-element-reference-exception&#10;Build info: version: &apos;4.11.0&apos;, revision: &apos;040bc5406b&apos;&#10;System info: os.name: &apos;Linux&apos;, os.arch: &apos;amd64&apos;, os.version: &apos;5.14.0-1059-oem&apos;, java.version: &apos;11.0.20&apos;&#10;Driver info: org.openqa.selenium.chrome.ChromeDriver&#10;Command: [644ba12522f6c6552aba541d8b842202, getElementText {id=1c3b66cc-fbe1-495f-bb40-01129fd4968a}]&#10;Capabilities {acceptInsecureCerts: false, browserName: chrome, browserVersion: 111.0.5563.64, chrome: {chromedriverVersion: 111.0.5563.64 (c710e93d5b63..., userDataDir: /tmp/.com.google.Chrome.73xawP}, goog:chromeOptions: {debuggerAddress: localhost:34599}, networkConnectionEnabled: false, pageLoadStrategy: normal, platformName: linux, proxy: Proxy(), se:cdp: ws://localhost:34599/devtoo..., se:cdpVersion: 111.0.5563.64, setWindowRect: true, strictFileInteractability: false, timeouts: {implicit: 0, pageLoad: 300000, script: 30000}, unhandledPromptBehavior: dismiss and notify, webauthn:extension:credBlob: true, webauthn:extension:largeBlob: true, webauthn:extension:minPinLength: true, webauthn:extension:prf: true, webauthn:virtualAuthenticators: true}&#10;Element: [[ChromeDriver: chrome on linux (644ba12522f6c6552aba541d8b842202)] -&gt; css selector: .nav.nav-tabs&gt;li]&#10;Session ID: 644ba12522f6c6552aba541d8b842202" type="org.openqa.selenium.StaleElementReferenceException"><![CDATA[org.openqa.selenium.StaleElementReferenceException: 
stale element reference: element is not attached to the page document
  (Session info: chrome=111.0.5563.64)
For documentation on this error, please visit: https://www.selenium.dev/documentation/webdriver/troubleshooting/errors#stale-element-reference-exception
Build info: version: '4.11.0', revision: '040bc5406b'
System info: os.name: 'Linux', os.arch: 'amd64', os.version: '5.14.0-1059-oem', java.version: '11.0.20'
Driver info: org.openqa.selenium.chrome.ChromeDriver
Command: [644ba12522f6c6552aba541d8b842202, getElementText {id=1c3b66cc-fbe1-495f-bb40-01129fd4968a}]
Capabilities {acceptInsecureCerts: false, browserName: chrome, browserVersion: 111.0.5563.64, chrome: {chromedriverVersion: 111.0.5563.64 (c710e93d5b63..., userDataDir: /tmp/.com.google.Chrome.73xawP}, goog:chromeOptions: {debuggerAddress: localhost:34599}, networkConnectionEnabled: false, pageLoadStrategy: normal, platformName: linux, proxy: Proxy(), se:cdp: ws://localhost:34599/devtoo..., se:cdpVersion: 111.0.5563.64, setWindowRect: true, strictFileInteractability: false, timeouts: {implicit: 0, pageLoad: 300000, script: 30000}, unhandledPromptBehavior: dismiss and notify, webauthn:extension:credBlob: true, webauthn:extension:largeBlob: true, webauthn:extension:minPinLength: true, webauthn:extension:prf: true, webauthn:virtualAuthenticators: true}
Element: [[ChromeDriver: chrome on linux (644ba12522f6c6552aba541d8b842202)] -> css selector: .nav.nav-tabs>li]
Session ID: 644ba12522f6c6552aba541d8b842202
	at java.base/jdk.internal.reflect.NativeConstructorAccessorImpl.newInstance0(Native Method)
	at java.base/jdk.internal.reflect.NativeConstructorAccessorImpl.newInstance(NativeConstructorAccessorImpl.java:62)
	at java.base/jdk.internal.reflect.DelegatingConstructorAccessorImpl.newInstance(DelegatingConstructorAccessorImpl.java:45)
	at java.base/java.lang.reflect.Constructor.newInstance(Constructor.java:490)
	at org.openqa.selenium.remote.codec.w3c.W3CHttpResponseCodec.createException(W3CHttpResponseCodec.java:200)
	at org.openqa.selenium.remote.codec.w3c.W3CHttpResponseCodec.decode(W3CHttpResponseCodec.java:133)
	at org.openqa.selenium.remote.codec.w3c.W3CHttpResponseCodec.decode(W3CHttpResponseCodec.java:52)
	at org.openqa.selenium.remote.HttpCommandExecutor.execute(HttpCommandExecutor.java:191)
	at org.openqa.selenium.remote.service.DriverCommandExecutor.invokeExecute(DriverCommandExecutor.java:196)
	at org.openqa.selenium.remote.service.DriverCommandExecutor.execute(DriverCommandExecutor.java:171)
	at org.openqa.selenium.remote.RemoteWebDriver.execute(RemoteWebDriver.java:518)
	at org.openqa.selenium.remote.RemoteWebElement.execute(RemoteWebElement.java:224)
	at org.openqa.selenium.remote.RemoteWebElement.getText(RemoteWebElement.java:192)
	at com.demo.actions.web.CFDPage.open_prescription_tab(CFDPage.java:227)
	at com.demo.testcases.web.WebPrescriptionPageTest.prescription_tab(WebPrescriptionPageTest.java:21)
	at java.base/jdk.internal.reflect.NativeMethodAccessorImpl.invoke0(Native Method)
	at java.base/jdk.internal.reflect.NativeMethodAccessorImpl.invoke(NativeMethodAccessorImpl.java:62)
	at java.base/jdk.internal.reflect.DelegatingMethodAccessorImpl.invoke(DelegatingMethodAccessorImpl.java:43)
	at java.base/java.lang.reflect.Method.invoke(Method.java:566)
	at org.testng.internal.invokers.MethodInvocationHelper.invokeMethod(MethodInvocationHelper.java:139)
	at org.testng.internal.invokers.TestInvoker.invokeMethod(TestInvoker.java:677)
	at org.testng.internal.invokers.TestInvoker.invokeTestMethod(TestInvoker.java:221)
	at org.testng.internal.invokers.MethodRunner.runInSequence(MethodRunner.java:50)
	at org.testng.internal.invokers.TestInvoker$MethodInvocationAgent.invoke(TestInvoker.java:969)
	at org.testng.internal.invokers.TestInvoker.invokeTestMethods(TestInvoker.java:194)
	at org.testng.internal.invokers.TestMethodWorker.invokeTestMethods(TestMethodWorker.java:148)
	at org.testng.internal.invokers.TestMethodWorker.run(TestMethodWorker.java:128)
	at java.base/java.util.ArrayList.forEach(ArrayList.java:1541)
	at org.testng.TestRunner.privateRun(TestRunner.java:829)
	at org.testng.TestRunner.run(TestRunner.java:602)
	at org.testng.SuiteRunner.runTest(SuiteRunner.java:437)
	at org.testng.SuiteRunner.runSequentially(SuiteRunner.java:431)
	at org.testng.SuiteRunner.privateRun(SuiteRunner.java:391)
	at org.testng.SuiteRunner.run(SuiteRunner.java:330)
	at org.testng.SuiteRunnerWorker.runSuite(SuiteRunnerWorker.java:52)
	at org.testng.SuiteRunnerWorker.run(SuiteRunnerWorker.java:95)
	at org.testng.TestNG.runSuitesSequentially(TestNG.java:1256)
	at org.testng.TestNG.runSuitesLocally(TestNG.java:1176)
	at org.testng.TestNG.runSuites(TestNG.java:1099)
	at org.testng.TestNG.run(TestNG.java:1067)
	at org.apache.maven.surefire.testng.TestNGExecutor.run(TestNGExecutor.java:324)
	at org.apache.maven.surefire.testng.TestNGXmlTestSuite.execute(TestNGXmlTestSuite.java:74)
	at org.apache.maven.surefire.testng.TestNGProvider.invoke(TestNGProvider.java:123)
	at org.apache.maven.surefire.booter.ForkedBooter.runSuitesInProcess(ForkedBooter.java:456)
	at org.apache.maven.surefire.booter.ForkedBooter.execute(ForkedBooter.java:169)
	at org.apache.maven.surefire.booter.ForkedBooter.run(ForkedBooter.java:595)
	at org.apache.maven.surefire.booter.ForkedBooter.main(ForkedBooter.java:581)
]]></failure>
  </testcase>
  <testcase name="verify_20_popular_drugs" classname="com.demo.testcases.web.WebPrescriptionPageTest" time="1.46">
    <system-out><![CDATA[>>>>>>>>>>>>>>>>>>>>>>>>>>>>>>20 popular drug count: 20
]]></system-out>
  </testcase>
  <testcase name="add_drugs[{searched_drug=NAXDOM, popular_drug=COMBIFLAM}](1)" classname="com.demo.testcases.web.WebPrescriptionPageTest" time="64.648"/>
  <testcase name="add_new_drug[{new_drug_food_ralation=after, new_drug_night=frequency_n, new_drug_evening=frequency_e, new_drug_morning=frequency_m, new_drug_company=magical potions, new_drug_price=900, new_drug_duration=7.0, new_drug_sos=frequency_sos, new_drug_afternoon=frequency_a, new_drug_instructions=drink warm water, new_drug_name=wolfsbane, new_drug_strength=900, new_drug_duration_in=days, new_drug_formulation=tablet, new_drug_mode=oral}](1)" classname="com.demo.testcases.web.WebPrescriptionPageTest" time="49.51"/>
  <testcase name="verify_delete_icon_for_added_drugs" classname="com.demo.testcases.web.WebPrescriptionPageTest" time="0.044"/>
  <testcase name="delete_all_added_drugs" classname="com.demo.testcases.web.WebPrescriptionPageTest" time="0.111"/>
  <testcase name="instructions_tab" classname="com.demo.testcases.web.WebInstructionsPageTest" time="5.253"/>
  <testcase name="test_instruction_procedure[{created_procedure=Created Procedure01, created_instruction=Created Instruction01, created_test=Created Test01, searched_instruction=Drink boiled water, searched_procedure=ARTHROSCOPIC STABILISATION PROCEDURE, searched_test=Urine Acetone}](1)" classname="com.demo.testcases.web.WebInstructionsPageTest" time="11.973"/>
  <testcase name="summary_tab" classname="com.demo.testcases.web.WebSummaryPageTest" time="23.52"/>
  <testcase name="test_instruction_procedure[{created_procedure=Created Procedure01, created_instruction=Created Instruction01, created_test=Created Test01, searched_instruction=Drink boiled water, searched_procedure=ARTHROSCOPIC STABILISATION PROCEDURE, searched_test=Urine Acetone}](1)" classname="com.demo.testcases.web.WebSummaryPageTest" time="21.467">
    <system-out><![CDATA[----testUrine Acetone
----testCreated Test01
----Instructions_ListDrink boiled water
]]></system-out>
  </testcase>
  <testcase name="add_drugs[{searched_drug=NAXDOM, popular_drug=COMBIFLAM}](1)" classname="com.demo.testcases.web.WebSummaryPageTest" time="0.297">
    <system-out><![CDATA[----COMBIFLAM
----NAXDOM 250
INFO  2023-08-25 11:09:27,790 [main] WebLoginTest - Popular and searched drugs are either not added or not matching
]]></system-out>
  </testcase>
  <testcase name="add_new_drug[{new_drug_food_ralation=after, new_drug_night=frequency_n, new_drug_evening=frequency_e, new_drug_morning=frequency_m, new_drug_company=magical potions, new_drug_price=900, new_drug_duration=7.0, new_drug_sos=frequency_sos, new_drug_afternoon=frequency_a, new_drug_instructions=drink warm water, new_drug_name=wolfsbane, new_drug_strength=900, new_drug_duration_in=days, new_drug_formulation=tablet, new_drug_mode=oral}](1)" classname="com.demo.testcases.web.WebSummaryPageTest" time="0.221">
    <system-out><![CDATA[INFO  2023-08-25 11:09:27,849 [main] WebLoginTest - Created drug is either not added or not matching
INFO  2023-08-25 11:09:27,871 [main] WebLoginTest - Created drug is either not added or not matching
----WOLFSBANE
]]></system-out>
  </testcase>
  <testcase name="drugs_frequency[{frequency_night=drug.frequency[&apos;N&apos;], created_drug_frequency=7 days, frequency_afternoon=drug.frequency[&apos;A&apos;], frequency_morning=drug.frequency[&apos;M&apos;], searched_drug_frequency=2 weeks, frequency_evening=drug.frequency[&apos;E’], popular_drug_frequency=5 days}](1)" classname="com.demo.testcases.web.WebSummaryPageTest" time="0.423"/>
  <testcase name="add_cfd[{popular_diagnosis=DENGUE FEVER – 1, searched_complaint=COLICKY PAIN IN ABDOMEN, searched_finding=OTHER FINDINGS, searched_diagnosis=HYPERTHYROIDISM}](1)" classname="com.demo.testcases.web.WebSummaryPageTest" time="0.242"/>
  <testcase name="saved_record[{record_date=Aug 24, 2023}](1)" classname="com.demo.testcases.web.WebSummaryPageTest" time="17.705"/>
  <testcase name="verify_record_is_printed" classname="com.demo.testcases.web.WebSummaryPageTest" time="12.895">
    <system-out><![CDATA[>>Class Name: 
>>parent: 7B0D49E48A0069DF6EB82009F4F171F1
>>Child windowF36203B605C17FD8AF6B12B1E741D95B
>>>>>>>>>>>>>>>>>>>>>>>>>.Child window titileJan Levinson-QEAIH59664-prescription-25/8/2023, 11:09:59 am
]]></system-out>
  </testcase>
</testsuite>