<?xml version="1.0" encoding="UTF-8"?>
<testng-results ignored="3" total="6" passed="0" failed="0" skipped="3">
  <reporter-output>
  </reporter-output>
  <suite started-at="2023-08-31T12:46:38 IST" name="Suite" finished-at="2023-08-31T12:46:39 IST" duration-ms="456">
    <groups>
      <group name="web">
        <method signature="WebLoginTest.login(java.util.Hashtable)[pri:1, instance:com.demo.testcases.web.WebLoginTest@6594402a]" name="login" class="com.demo.testcases.web.WebLoginTest"/>
        <method signature="WebHomePageTest.select_evening_slot()[pri:1, instance:com.demo.testcases.web.WebHomePageTest@7ba63fe5]" name="select_evening_slot" class="com.demo.testcases.web.WebHomePageTest"/>
      </group> <!-- web -->
    </groups>
    <test started-at="2023-08-31T12:46:38 IST" name="Test Groups" finished-at="2023-08-31T12:46:38 IST" duration-ms="69">
      <class name="com.demo.testcases.web.WebLoginTest">
        <test-method signature="login(java.util.Hashtable)[pri:1, instance:com.demo.testcases.web.WebLoginTest@6594402a]" started-at="2023-08-31T12:46:38 IST" name="login" data-provider="dp" finished-at="2023-08-31T12:46:38 IST" duration-ms="11" status="SKIP">
          <params>
            <param index="0">
              <value>
                <![CDATA[{Username=josh_doctor, Password=josh123, Run_Mode=Y}]]>
              </value>
            </param>
          </params>
          <exception class="org.testng.SkipException">
            <message>
              <![CDATA[Skipping the testloginas excel sheet mentions not to run it.]]>
            </message>
            <full-stacktrace>
              <![CDATA[org.testng.SkipException: Skipping the testloginas excel sheet mentions not to run it.
at com.demo.listeners.Listeners.onTestStart(Listeners.java:33)
at org.testng.internal.TestListenerHelper.runTestListeners(TestListenerHelper.java:106)
at org.testng.internal.invokers.TestInvoker.runTestResultListener(TestInvoker.java:277)
at org.testng.internal.invokers.TestInvoker.invokeMethod(TestInvoker.java:638)
at org.testng.internal.invokers.TestInvoker.invokeTestMethod(TestInvoker.java:221)
at org.testng.internal.invokers.MethodRunner.runInSequence(MethodRunner.java:50)
at org.testng.internal.invokers.TestInvoker$MethodInvocationAgent.invoke(TestInvoker.java:969)
at org.testng.internal.invokers.TestInvoker.invokeTestMethods(TestInvoker.java:194)
at org.testng.internal.invokers.TestMethodWorker.invokeTestMethods(TestMethodWorker.java:148)
at org.testng.internal.invokers.TestMethodWorker.run(TestMethodWorker.java:128)
at java.base/java.util.ArrayList.forEach(ArrayList.java:1511)
at org.testng.TestRunner.privateRun(TestRunner.java:829)
at org.testng.TestRunner.run(TestRunner.java:602)
at org.testng.SuiteRunner.runTest(SuiteRunner.java:437)
at org.testng.SuiteRunner.runSequentially(SuiteRunner.java:431)
at org.testng.SuiteRunner.privateRun(SuiteRunner.java:391)
at org.testng.SuiteRunner.run(SuiteRunner.java:330)
at org.testng.SuiteRunnerWorker.runSuite(SuiteRunnerWorker.java:52)
at org.testng.SuiteRunnerWorker.run(SuiteRunnerWorker.java:95)
at org.testng.TestNG.runSuitesSequentially(TestNG.java:1256)
at org.testng.TestNG.runSuitesLocally(TestNG.java:1176)
at org.testng.TestNG.runSuites(TestNG.java:1099)
at org.testng.TestNG.run(TestNG.java:1067)
at org.testng.remote.AbstractRemoteTestNG.run(AbstractRemoteTestNG.java:115)
at org.testng.remote.RemoteTestNG.initAndRun(RemoteTestNG.java:251)
at org.testng.remote.RemoteTestNG.main(RemoteTestNG.java:77)
]]>
            </full-stacktrace>
          </exception> <!-- org.testng.SkipException -->
          <reporter-output>
          </reporter-output>
        </test-method> <!-- login -->
      </class> <!-- com.demo.testcases.web.WebLoginTest -->
    </test> <!-- Test Groups -->
    <test started-at="2023-08-31T12:46:39 IST" name="Test Classes" finished-at="2023-08-31T12:46:39 IST" duration-ms="37">
      <class name="com.demo.testcases.web.WebHomePageTest">
        <test-method is-config="true" signature="webSetup()[pri:0, instance:com.demo.testcases.web.WebHomePageTest@7ba63fe5]" started-at="2023-08-31T12:46:35 IST" name="webSetup" finished-at="2023-08-31T12:46:38 IST" duration-ms="3837" status="PASS">
          <reporter-output>
          </reporter-output>
        </test-method> <!-- webSetup -->
        <test-method signature="select_evening_slot()[pri:1, instance:com.demo.testcases.web.WebHomePageTest@7ba63fe5]" started-at="2023-08-31T12:46:39 IST" name="select_evening_slot" finished-at="2023-08-31T12:46:39 IST" duration-ms="3" status="SKIP">
          <exception class="org.testng.SkipException">
            <message>
              <![CDATA[Skipping the testselect_evening_slotas excel sheet mentions not to run it.]]>
            </message>
            <full-stacktrace>
              <![CDATA[org.testng.SkipException: Skipping the testselect_evening_slotas excel sheet mentions not to run it.
at com.demo.listeners.Listeners.onTestStart(Listeners.java:33)
at org.testng.internal.TestListenerHelper.runTestListeners(TestListenerHelper.java:106)
at org.testng.internal.invokers.TestInvoker.runTestResultListener(TestInvoker.java:277)
at org.testng.internal.invokers.TestInvoker.invokeMethod(TestInvoker.java:638)
at org.testng.internal.invokers.TestInvoker.invokeTestMethod(TestInvoker.java:221)
at org.testng.internal.invokers.MethodRunner.runInSequence(MethodRunner.java:50)
at org.testng.internal.invokers.TestInvoker$MethodInvocationAgent.invoke(TestInvoker.java:969)
at org.testng.internal.invokers.TestInvoker.invokeTestMethods(TestInvoker.java:194)
at org.testng.internal.invokers.TestMethodWorker.invokeTestMethods(TestMethodWorker.java:148)
at org.testng.internal.invokers.TestMethodWorker.run(TestMethodWorker.java:128)
at java.base/java.util.ArrayList.forEach(ArrayList.java:1511)
at org.testng.TestRunner.privateRun(TestRunner.java:829)
at org.testng.TestRunner.run(TestRunner.java:602)
at org.testng.SuiteRunner.runTest(SuiteRunner.java:437)
at org.testng.SuiteRunner.runSequentially(SuiteRunner.java:431)
at org.testng.SuiteRunner.privateRun(SuiteRunner.java:391)
at org.testng.SuiteRunner.run(SuiteRunner.java:330)
at org.testng.SuiteRunnerWorker.runSuite(SuiteRunnerWorker.java:52)
at org.testng.SuiteRunnerWorker.run(SuiteRunnerWorker.java:95)
at org.testng.TestNG.runSuitesSequentially(TestNG.java:1256)
at org.testng.TestNG.runSuitesLocally(TestNG.java:1176)
at org.testng.TestNG.runSuites(TestNG.java:1099)
at org.testng.TestNG.run(TestNG.java:1067)
at org.testng.remote.AbstractRemoteTestNG.run(AbstractRemoteTestNG.java:115)
at org.testng.remote.RemoteTestNG.initAndRun(RemoteTestNG.java:251)
at org.testng.remote.RemoteTestNG.main(RemoteTestNG.java:77)
]]>
            </full-stacktrace>
          </exception> <!-- org.testng.SkipException -->
          <reporter-output>
          </reporter-output>
        </test-method> <!-- select_evening_slot -->
        <test-method signature="appointment(java.util.Hashtable)[pri:2, instance:com.demo.testcases.web.WebHomePageTest@7ba63fe5]" started-at="2023-08-31T12:46:39 IST" name="appointment" description="Verify doctor&#039;s should be able to create appointment for the available appointment slot." data-provider="dp" finished-at="2023-08-31T12:46:39 IST" duration-ms="3" status="SKIP">
          <params>
            <param index="0">
              <value>
                <![CDATA[{Patient_Age=35.0, Patient_Mobile=9034500777, Patient_Gender=Female, Patient_Name=Jan Levinson, Run_Mode=N}]]>
              </value>
            </param>
          </params>
          <exception class="org.testng.SkipException">
            <message>
              <![CDATA[Skipping the testappointmentas excel sheet mentions not to run it.]]>
            </message>
            <full-stacktrace>
              <![CDATA[org.testng.SkipException: Skipping the testappointmentas excel sheet mentions not to run it.
at com.demo.listeners.Listeners.onTestStart(Listeners.java:33)
at org.testng.internal.TestListenerHelper.runTestListeners(TestListenerHelper.java:106)
at org.testng.internal.invokers.TestInvoker.runTestResultListener(TestInvoker.java:277)
at org.testng.internal.invokers.TestInvoker.invokeMethod(TestInvoker.java:638)
at org.testng.internal.invokers.TestInvoker.invokeTestMethod(TestInvoker.java:221)
at org.testng.internal.invokers.MethodRunner.runInSequence(MethodRunner.java:50)
at org.testng.internal.invokers.TestInvoker$MethodInvocationAgent.invoke(TestInvoker.java:969)
at org.testng.internal.invokers.TestInvoker.invokeTestMethods(TestInvoker.java:194)
at org.testng.internal.invokers.TestMethodWorker.invokeTestMethods(TestMethodWorker.java:148)
at org.testng.internal.invokers.TestMethodWorker.run(TestMethodWorker.java:128)
at java.base/java.util.ArrayList.forEach(ArrayList.java:1511)
at org.testng.TestRunner.privateRun(TestRunner.java:829)
at org.testng.TestRunner.run(TestRunner.java:602)
at org.testng.SuiteRunner.runTest(SuiteRunner.java:437)
at org.testng.SuiteRunner.runSequentially(SuiteRunner.java:431)
at org.testng.SuiteRunner.privateRun(SuiteRunner.java:391)
at org.testng.SuiteRunner.run(SuiteRunner.java:330)
at org.testng.SuiteRunnerWorker.runSuite(SuiteRunnerWorker.java:52)
at org.testng.SuiteRunnerWorker.run(SuiteRunnerWorker.java:95)
at org.testng.TestNG.runSuitesSequentially(TestNG.java:1256)
at org.testng.TestNG.runSuitesLocally(TestNG.java:1176)
at org.testng.TestNG.runSuites(TestNG.java:1099)
at org.testng.TestNG.run(TestNG.java:1067)
at org.testng.remote.AbstractRemoteTestNG.run(AbstractRemoteTestNG.java:115)
at org.testng.remote.RemoteTestNG.initAndRun(RemoteTestNG.java:251)
at org.testng.remote.RemoteTestNG.main(RemoteTestNG.java:77)
]]>
            </full-stacktrace>
          </exception> <!-- org.testng.SkipException -->
          <reporter-output>
          </reporter-output>
        </test-method> <!-- appointment -->
        <test-method is-config="true" signature="tearDown()[pri:0, instance:com.demo.testcases.web.WebHomePageTest@7ba63fe5]" started-at="2023-08-31T12:46:39 IST" name="tearDown" finished-at="2023-08-31T12:46:39 IST" duration-ms="109" status="PASS">
          <reporter-output>
          </reporter-output>
        </test-method> <!-- tearDown -->
      </class> <!-- com.demo.testcases.web.WebHomePageTest -->
    </test> <!-- Test Classes -->
  </suite> <!-- Suite -->
</testng-results>
